{
  "stats": {
    "suites": 1,
    "tests": 8,
    "passes": 8,
    "pending": 0,
    "failures": 0,
    "start": "2021-11-01T19:04:25.795Z",
    "end": "2021-11-01T19:06:29.575Z",
    "duration": 123780,
    "testsRegistered": 8,
    "passPercent": 100,
    "pendingPercent": 0,
    "other": 0,
    "hasOther": false,
    "skipped": 0,
    "hasSkipped": false,
    "passPercentClass": "success",
    "pendingPercentClass": "danger"
  },
  "suites": {
    "uuid": "a11a3ca7-f980-4555-bf47-8b48a8f7b524",
    "title": "",
    "fullFile": "",
    "file": "",
    "beforeHooks": [],
    "afterHooks": [],
    "tests": [],
    "suites": [
      {
        "uuid": "baacd252-1565-45e7-beff-76976fc8051f",
        "title": "Pruebas funcionales con Selenium Webdriver",
        "fullFile": "/home/tkn1/Documentos/GitKraken/ayd2aydrive/Selenium/test/run.js",
        "file": "/test/run.js",
        "beforeHooks": [
          {
            "title": "\"before each\" hook",
            "fullTitle": "Pruebas funcionales con Selenium Webdriver \"before each\" hook",
            "timedOut": false,
            "duration": 8559,
            "pass": false,
            "fail": false,
            "pending": false,
            "code": "driver = await new Builder().forBrowser(browser)\n                    //.usingServer(\"http://localhost:4444/wd/hub\")\n                    .build();",
            "err": {},
            "isRoot": false,
            "uuid": "854d154c-398c-415f-8fe2-5bd8b0abeeac",
            "isHook": true,
            "skipped": false
          }
        ],
        "afterHooks": [
          {
            "title": "\"after each\" hook",
            "fullTitle": "Pruebas funcionales con Selenium Webdriver \"after each\" hook",
            "timedOut": false,
            "duration": 0,
            "pass": false,
            "fail": false,
            "pending": false,
            "code": "//await driver.close();",
            "err": {},
            "isRoot": false,
            "uuid": "b64a0f5f-ef02-45a4-b3d6-935c8dd20b82",
            "isHook": true,
            "skipped": false
          }
        ],
        "tests": [
          {
            "title": "Prueba funcional Selenium: crear archivo",
            "fullTitle": "Pruebas funcionales con Selenium Webdriver Prueba funcional Selenium: crear archivo",
            "timedOut": false,
            "duration": 8668,
            "state": "passed",
            "speed": "slow",
            "pass": true,
            "fail": false,
            "pending": false,
            "code": "await driver.get(\"http://localhost:4200/\");\n                await driver.findElement(By.id(\"nickname\")).sendKeys(\"uno\");\n                await driver.findElement(By.id(\"contrasena\")).sendKeys(\"123\");\n                await driver.findElement(By.id(\"btn_inicio_sesion\")).sendKeys(Key.RETURN);\n                await driver.sleep(5000);\n                await driver.findElement(By.id(\"gestor_carpetas\")).sendKeys(Key.RETURN);\n                await driver.findElement(By.id(\"input_crearcarpeta\")).sendKeys(\"SOG2_2\");\n                await driver.findElement(By.id(\"btn_creararchvio\")).sendKeys(Key.RETURN);\n                //await driver.close();",
            "err": {},
            "isRoot": false,
            "uuid": "780083a6-8afe-4c3b-9214-33c89aab46f9",
            "isHook": false,
            "skipped": false
          },
          {
            "title": "Prueba funcional Selenium: crear eliminar archivo",
            "fullTitle": "Pruebas funcionales con Selenium Webdriver Prueba funcional Selenium: crear eliminar archivo",
            "timedOut": false,
            "duration": 7750,
            "state": "passed",
            "speed": "slow",
            "pass": true,
            "fail": false,
            "pending": false,
            "code": "await driver.get(\"http://localhost:4200/\");\n                await driver.findElement(By.id(\"nickname\")).sendKeys(\"uno\");\n                await driver.findElement(By.id(\"contrasena\")).sendKeys(\"123\");\n                await driver.findElement(By.id(\"btn_inicio_sesion\")).sendKeys(Key.RETURN);\n                await driver.sleep(5000);\n                await driver.findElement(By.id(\"gestor_carpetas\")).sendKeys(Key.RETURN);\n                await driver.findElement(By.id(\"input_crearcarpeta\")).sendKeys(\"SOG2_2\");\n                await driver.findElement(By.id(\"btn_eliminararchivo\")).sendKeys(Key.RETURN);\n                //await driver.close();",
            "err": {},
            "isRoot": false,
            "uuid": "933ccf7d-5cdd-452b-a75a-c8cbaea5138e",
            "isHook": false,
            "skipped": false
          },
          {
            "title": "Prueba funcional Selenium: registro de usuario",
            "fullTitle": "Pruebas funcionales con Selenium Webdriver Prueba funcional Selenium: registro de usuario",
            "timedOut": false,
            "duration": 8837,
            "state": "passed",
            "speed": "slow",
            "pass": true,
            "fail": false,
            "pending": false,
            "code": "await driver.get(\"http://localhost:4200/\");\n                await driver.findElement(By.id(\"btn_redreg\")).sendKeys(Key.RETURN);\n                await driver.sleep(5000);\n                await driver.findElement(By.id(\"inp_nick\")).sendKeys(\"PruebaUser001\");\n                await driver.findElement(By.id(\"inp_correo\")).sendKeys(\"PruebaUser001@gmail.com\");\n                await driver.findElement(By.id(\"inp_fnace\")).sendKeys(\"01-01-2001\");\n                await driver.findElement(By.id(\"inp_pass\")).sendKeys(\"PruebaUser001\");\n                await driver.findElement(By.id(\"inp_confpass\")).sendKeys(\"PruebaUser001\");\n                await driver.findElement(By.id(\"btn_registro\")).sendKeys(Key.RETURN);\n                //await driver.close();",
            "err": {},
            "isRoot": false,
            "uuid": "3b0001c2-82ad-4371-9902-72d4532879ec",
            "isHook": false,
            "skipped": false
          },
          {
            "title": "Prueba funcional Selenium: login correcto",
            "fullTitle": "Pruebas funcionales con Selenium Webdriver Prueba funcional Selenium: login correcto",
            "timedOut": false,
            "duration": 2806,
            "state": "passed",
            "speed": "slow",
            "pass": true,
            "fail": false,
            "pending": false,
            "code": "await driver.get(\"http://localhost:4200/\");\n                await driver.findElement(By.id(\"nickname\")).sendKeys(\"uno\");\n                await driver.findElement(By.id(\"contrasena\")).sendKeys(\"123\");\n                await driver.findElement(By.id(\"btn_inicio_sesion\")).sendKeys(Key.RETURN);\n                //await driver.close();",
            "err": {},
            "isRoot": false,
            "uuid": "3100adce-f4a4-4901-8015-51d250e9a538",
            "isHook": false,
            "skipped": false
          },
          {
            "title": "Prueba funcional Selenium: login incorrecto",
            "fullTitle": "Pruebas funcionales con Selenium Webdriver Prueba funcional Selenium: login incorrecto",
            "timedOut": false,
            "duration": 2744,
            "state": "passed",
            "speed": "slow",
            "pass": true,
            "fail": false,
            "pending": false,
            "code": "await driver.get(\"http://localhost:4200/\");\n                await driver.findElement(By.id(\"nickname\")).sendKeys(\"uno\");\n                await driver.findElement(By.id(\"contrasena\")).sendKeys(\"fdasfa\");\n                await driver.findElement(By.id(\"btn_inicio_sesion\")).sendKeys(Key.RETURN);\n                //await driver.close();",
            "err": {},
            "isRoot": false,
            "uuid": "dfcdf3d8-f12c-436b-8ac4-3abafd65d987",
            "isHook": false,
            "skipped": false
          },
          {
            "title": "Prueba funcional Selenium: crear carpeta",
            "fullTitle": "Pruebas funcionales con Selenium Webdriver Prueba funcional Selenium: crear carpeta",
            "timedOut": false,
            "duration": 8754,
            "state": "passed",
            "speed": "slow",
            "pass": true,
            "fail": false,
            "pending": false,
            "code": "await driver.get(\"http://localhost:4200/\");\n                await driver.findElement(By.id(\"nickname\")).sendKeys(\"uno\");\n                await driver.findElement(By.id(\"contrasena\")).sendKeys(\"123\");\n                await driver.findElement(By.id(\"btn_inicio_sesion\")).sendKeys(Key.RETURN);\n                await driver.sleep(5000);\n                await driver.findElement(By.id(\"gestor_carpetas\")).sendKeys(Key.RETURN);\n                await driver.findElement(By.id(\"input_crearcarpeta\")).sendKeys(\"cnx\");\n                await driver.findElement(By.id(\"btn_crearcarpeta\")).sendKeys(Key.RETURN);\n                //await driver.close();",
            "err": {},
            "isRoot": false,
            "uuid": "480441f2-d2b6-4cdc-a445-9678e11ffc1b",
            "isHook": false,
            "skipped": false
          },
          {
            "title": "Prueba funcional Selenium: eliminar carpeta",
            "fullTitle": "Pruebas funcionales con Selenium Webdriver Prueba funcional Selenium: eliminar carpeta",
            "timedOut": false,
            "duration": 8219,
            "state": "passed",
            "speed": "slow",
            "pass": true,
            "fail": false,
            "pending": false,
            "code": "await driver.get(\"http://localhost:4200/\");\n                await driver.findElement(By.id(\"nickname\")).sendKeys(\"uno\");\n                await driver.findElement(By.id(\"contrasena\")).sendKeys(\"123\");\n                await driver.findElement(By.id(\"btn_inicio_sesion\")).sendKeys(Key.RETURN);\n                await driver.sleep(5000);\n                await driver.findElement(By.id(\"gestor_carpetas\")).sendKeys(Key.RETURN);\n                await driver.findElement(By.id(\"input_crearcarpeta\")).sendKeys(\"cnx\");\n                await driver.findElement(By.id(\"btn_eliminarcarpeta\")).sendKeys(Key.RETURN);",
            "err": {},
            "isRoot": false,
            "uuid": "175d5204-fd80-4611-b44f-207a12c8ee52",
            "isHook": false,
            "skipped": false
          },
          {
            "title": "Prueba funcional Selenium: eliminar carpeta, buscar componente",
            "fullTitle": "Pruebas funcionales con Selenium Webdriver Prueba funcional Selenium: eliminar carpeta, buscar componente",
            "timedOut": false,
            "duration": 8786,
            "state": "passed",
            "speed": "slow",
            "pass": true,
            "fail": false,
            "pending": false,
            "code": "await driver.get(\"http://localhost:4200/\");\n                await driver.findElement(By.id(\"nickname\")).sendKeys(\"uno\");\n                await driver.findElement(By.id(\"contrasena\")).sendKeys(\"123\");\n                await driver.findElement(By.id(\"btn_inicio_sesion\")).sendKeys(Key.RETURN);\n                await driver.sleep(5000);\n                await driver.findElement(By.id(\"gestor_carpetas\")).sendKeys(Key.RETURN);\n                await driver.findElement(By.id(\"input_crearcarpeta\"));",
            "err": {},
            "isRoot": false,
            "uuid": "c8443f1a-0d56-44bf-87d5-768008b9a50d",
            "isHook": false,
            "skipped": false
          }
        ],
        "suites": [],
        "passes": [
          "780083a6-8afe-4c3b-9214-33c89aab46f9",
          "933ccf7d-5cdd-452b-a75a-c8cbaea5138e",
          "3b0001c2-82ad-4371-9902-72d4532879ec",
          "3100adce-f4a4-4901-8015-51d250e9a538",
          "dfcdf3d8-f12c-436b-8ac4-3abafd65d987",
          "480441f2-d2b6-4cdc-a445-9678e11ffc1b",
          "175d5204-fd80-4611-b44f-207a12c8ee52",
          "c8443f1a-0d56-44bf-87d5-768008b9a50d"
        ],
        "failures": [],
        "pending": [],
        "skipped": [],
        "duration": 56564,
        "root": false,
        "rootEmpty": false,
        "_timeout": 50000
      }
    ],
    "passes": [],
    "failures": [],
    "pending": [],
    "skipped": [],
    "duration": 0,
    "root": true,
    "rootEmpty": true,
    "_timeout": 2000
  },
  "copyrightYear": 2021
}